#
# A fatal error has been detected by the Java Runtime Environment:
#
#  EXCEPTION_ACCESS_VIOLATION (0xc0000005) at pc=0x00007ffc8816c986, pid=21308, tid=22016
#
# JRE version: OpenJDK Runtime Environment Temurin-17.0.6+10 (17.0.6+10) (build 17.0.6+10)
# Java VM: OpenJDK 64-Bit Server VM Temurin-17.0.6+10 (17.0.6+10, mixed mode, emulated-client, tiered, compressed oops, compressed class ptrs, g1 gc, windows-amd64)
# Problematic frame:
# V  [jvm.dll+0xc986]
#
# No core dump will be written. Minidumps are not enabled by default on client versions of Windows
#
# If you would like to submit a bug report, please visit:
#   https://github.com/adoptium/adoptium-support/issues
#

---------------  S U M M A R Y ------------

Command Line: -Dcom.sun.management.jmxremote -Dcom.sun.management.jmxremote.port=56878 -Dcom.sun.management.jmxremote.authenticate=false -Dcom.sun.management.jmxremote.ssl=false -Djava.rmi.server.hostname=localhost -Dspring.jmx.enabled=true -Dmanagement.endpoints.jmx.exposure.include=* -Dspring.application.admin.enabled=true -XX:TieredStopAtLevel=1 -Dspring.boot.project.name=course -Dfile.encoding=UTF-8 -XX:+ShowCodeDetailsInExceptionMessages com.educandoweb.course.CourseApplication --spring.output.ansi.enabled=always

Host: Intel(R) Core(TM) i5-6600 CPU @ 3.30GHz, 4 cores, 7G,  Windows 10 , 64 bit Build 19041 (10.0.19041.2788)
Time: Wed May  3 10:33:13 2023 Horário de Verão de Greenwich  elapsed time: 2.455733 seconds (0d 0h 0m 2s)

---------------  T H R E A D  ---------------

Current thread (0x000002ec1045dc80):  GCTaskThread "GC Thread#3" [stack: 0x000000f56c500000,0x000000f56c600000] [id=22016]

Stack: [0x000000f56c500000,0x000000f56c600000],  sp=0x000000f56c5ff478,  free space=1021k
Native frames: (J=compiled Java code, j=interpreted, Vv=VM code, C=native code)
V  [jvm.dll+0xc986]


siginfo: EXCEPTION_ACCESS_VIOLATION (0xc0000005), reading address 0x0000000000000010


Register to memory mapping:

RIP=0x00007ffc8816c986 jvm.dll
RAX=0x0 is NULL
RBX=0x0000000000000001 is an unknown value
RCX=0x0000000088957c30 is pointing into object: org.springframework.core.annotation.AnnotationTypeMappings$$Lambda$329/0x00000001002a4400 
{0x0000000088957c28} - klass: 'org/springframework/core/annotation/AnnotationTypeMappings$$Lambda$329+0x00000001002a4400'
 - ---- fields (total size 2 words):
 - private final 'arg$1' 'Lorg/springframework/core/annotation/RepeatableContainers;' @12  a 'org/springframework/core/annotation/RepeatableContainers$NoRepeatableContainers'{0x00000000811c8050} (811c8050)
RDX=0x0000000088957c30 is pointing into object: org.springframework.core.annotation.AnnotationTypeMappings$$Lambda$329/0x00000001002a4400 
{0x0000000088957c28} - klass: 'org/springframework/core/annotation/AnnotationTypeMappings$$Lambda$329+0x00000001002a4400'
 - ---- fields (total size 2 words):
 - private final 'arg$1' 'Lorg/springframework/core/annotation/RepeatableContainers;' @12  a 'org/springframework/core/annotation/RepeatableContainers$NoRepeatableContainers'{0x00000000811c8050} (811c8050)
RSP=0x000000f56c5ff478 points into unknown readable memory: 0x00007ffc884663cf | cf 63 46 88 fc 7f 00 00
RBP=0x000000f56c5ff4f8 points into unknown readable memory: 0x0000000000000000 | 00 00 00 00 00 00 00 00
RSI=0x000002ec11cecb60 points into unknown readable memory: 0x00007ffc88ab8288 | 88 82 ab 88 fc 7f 00 00
RDI=0x000002ec11cecb60 points into unknown readable memory: 0x00007ffc88ab8288 | 88 82 ab 88 fc 7f 00 00
R8 =0x0000000088957c30 is pointing into object: org.springframework.core.annotation.AnnotationTypeMappings$$Lambda$329/0x00000001002a4400 
{0x0000000088957c28} - klass: 'org/springframework/core/annotation/AnnotationTypeMappings$$Lambda$329+0x00000001002a4400'
 - ---- fields (total size 2 words):
 - private final 'arg$1' 'Lorg/springframework/core/annotation/RepeatableContainers;' @12  a 'org/springframework/core/annotation/RepeatableContainers$NoRepeatableContainers'{0x00000000811c8050} (811c8050)
R9 =0x0000000000000008 is an unknown value
R10=0x0000000088957c30 is pointing into object: org.springframework.core.annotation.AnnotationTypeMappings$$Lambda$329/0x00000001002a4400 
{0x0000000088957c28} - klass: 'org/springframework/core/annotation/AnnotationTypeMappings$$Lambda$329+0x00000001002a4400'
 - ---- fields (total size 2 words):
 - private final 'arg$1' 'Lorg/springframework/core/annotation/RepeatableContainers;' @12  a 'org/springframework/core/annotation/RepeatableContainers$NoRepeatableContainers'{0x00000000811c8050} (811c8050)
R11=0x0000000000000001 is an unknown value
R12=0x000000f56c5ff7f0 points into unknown readable memory: 0x00007ffc88ab9340 | 40 93 ab 88 fc 7f 00 00
R13=0x0000000088957c30 is pointing into object: org.springframework.core.annotation.AnnotationTypeMappings$$Lambda$329/0x00000001002a4400 
{0x0000000088957c28} - klass: 'org/springframework/core/annotation/AnnotationTypeMappings$$Lambda$329+0x00000001002a4400'
 - ---- fields (total size 2 words):
 - private final 'arg$1' 'Lorg/springframework/core/annotation/RepeatableContainers;' @12  a 'org/springframework/core/annotation/RepeatableContainers$NoRepeatableContainers'{0x00000000811c8050} (811c8050)
R14=0x0000000000000008 is an unknown value
R15=0x0 is NULL


Registers:
RAX=0x0000000000000000, RBX=0x0000000000000001, RCX=0x0000000088957c30, RDX=0x0000000088957c30
RSP=0x000000f56c5ff478, RBP=0x000000f56c5ff4f8, RSI=0x000002ec11cecb60, RDI=0x000002ec11cecb60
R8 =0x0000000088957c30, R9 =0x0000000000000008, R10=0x0000000088957c30, R11=0x0000000000000001
R12=0x000000f56c5ff7f0, R13=0x0000000088957c30, R14=0x0000000000000008, R15=0x0000000000000000
RIP=0x00007ffc8816c986, EFLAGS=0x0000000000010202

Top of Stack: (sp=0x000000f56c5ff478)
0x000000f56c5ff478:   00007ffc884663cf 0000000000000000
0x000000f56c5ff488:   0000000000000001 000000f56c5ff4f8
0x000000f56c5ff498:   0000000000000001 0000000000000000
0x000000f56c5ff4a8:   0000000000000001 000002ec11ce0001
0x000000f56c5ff4b8:   00007ffc88460001 0000000000000000
0x000000f56c5ff4c8:   0000000000000001 0000000000000008
0x000000f56c5ff4d8:   000000f56c5ff640 000002ec7fcaed60
0x000000f56c5ff4e8:   00007ffc88432897 0000000000000000
0x000000f56c5ff4f8:   0000000000000000 0000000000000040
0x000000f56c5ff508:   000002ec7fcaed60 000000f56c5ff7f0
0x000000f56c5ff518:   000002ec11cecb60 00000000836d9ddc
0x000000f56c5ff528:   00000000836d9ddd 000000000000038a
0x000000f56c5ff538:   00007ffc88467462 0000000000000000
0x000000f56c5ff548:   0000000000400001 0000000000000001
0x000000f56c5ff558:   811c805020054880 000000f56c5ff5e0
0x000000f56c5ff568:   0000000000000000 0000000000000000 

Instructions: (pc=0x00007ffc8816c986)
0x00007ffc8816c886:   cc cc cc cc cc cc cc cc cc cc 4c 8b 01 4c 8b c9
0x00007ffc8816c896:   48 8b 0d 73 d3 b4 00 ba 64 60 08 00 e9 c9 f1 ff
0x00007ffc8816c8a6:   ff cc cc cc cc cc cc cc cc cc 8b 05 32 1a af 00
0x00007ffc8816c8b6:   c3 cc cc cc cc cc cc cc cc cc 0f b6 05 b8 db b5
0x00007ffc8816c8c6:   00 48 8b d1 84 c0 74 16 44 8b 41 08 8b 0d 10 1a
0x00007ffc8816c8d6:   af 00 49 d3 e0 4c 03 05 fe 19 af 00 eb 04 4c 8b
0x00007ffc8816c8e6:   41 08 45 8b 50 08 45 85 d2 7e 0e 41 f6 c2 01 75
0x00007ffc8816c8f6:   53 41 c1 fa 03 41 8b c2 c3 79 49 84 c0 b9 10 00
0x00007ffc8816c906:   00 00 8b 05 16 29 af 00 41 b8 0c 00 00 00 41 0f
0x00007ffc8816c916:   45 c8 ff c8 4c 63 c8 48 63 14 11 41 8b ca 83 e1
0x00007ffc8816c926:   3f 48 d3 e2 41 8b ca 48 c1 f9 10 0f b6 c1 49 8d
0x00007ffc8816c936:   0c 11 49 f7 d1 48 03 c1 49 c1 e9 03 48 c1 e8 03
0x00007ffc8816c946:   41 23 c1 c3 49 8b 00 49 8b c8 48 ff a0 00 01 00
0x00007ffc8816c956:   00 cc cc cc cc cc cc cc cc cc 8b 44 24 30 45 03
0x00007ffc8816c966:   c9 44 2b 4c 24 28 83 c0 0b 44 03 ca 45 03 c8 41
0x00007ffc8816c976:   03 c1 c3 cc cc cc cc cc cc cc 4c 8b ca 48 8b d1
0x00007ffc8816c986:   45 8b 41 08 45 85 c0 7e 0e 41 f6 c0 01 75 56 41
0x00007ffc8816c996:   c1 f8 03 41 8b c0 c3 79 4c 80 3d d9 da b5 00 00
0x00007ffc8816c9a6:   b8 0c 00 00 00 b9 10 00 00 00 0f 45 c8 8b 05 6b
0x00007ffc8816c9b6:   28 af 00 ff c8 4c 63 c8 48 63 14 11 41 8b c8 83
0x00007ffc8816c9c6:   e1 3f 48 d3 e2 41 8b c8 48 c1 f9 10 0f b6 c1 49
0x00007ffc8816c9d6:   8d 0c 11 49 f7 d1 48 03 c1 49 c1 e9 03 48 c1 e8
0x00007ffc8816c9e6:   03 41 23 c1 c3 49 8b 01 49 8b c9 48 ff a0 00 01
0x00007ffc8816c9f6:   00 00 cc cc cc cc cc cc cc cc 48 8b 41 08 0f b7
0x00007ffc8816ca06:   48 2a 0f b7 40 28 83 c0 48 03 c1 c3 cc cc cc cc
0x00007ffc8816ca16:   cc cc cc cc cc cc cc cc cc cc 48 89 5c 24 08 57
0x00007ffc8816ca26:   48 83 ec 20 0f b6 05 bf b7 b9 00 48 8b fa 48 8b
0x00007ffc8816ca36:   d9 84 c0 74 4f 48 85 15 d6 af b9 00 74 38 48 8b
0x00007ffc8816ca46:   ca e8 94 8b 85 00 48 8b d0 48 85 db 74 25 48 85
0x00007ffc8816ca56:   c0 74 20 48 8b c7 f0 48 0f b1 13 74 16 48 85 05
0x00007ffc8816ca66:   ae af b9 00 74 0d 48 8b c8 f0 48 0f b1 13 48 3b
0x00007ffc8816ca76:   c1 75 ea 48 8b fa 48 8b c7 48 8b 5c 24 30 48 83 


Stack slot to memory mapping:
stack at sp + 0 slots: 0x00007ffc884663cf jvm.dll
stack at sp + 1 slots: 0x0 is NULL
stack at sp + 2 slots: 0x0000000000000001 is an unknown value
stack at sp + 3 slots: 0x000000f56c5ff4f8 points into unknown readable memory: 0x0000000000000000 | 00 00 00 00 00 00 00 00
stack at sp + 4 slots: 0x0000000000000001 is an unknown value
stack at sp + 5 slots: 0x0 is NULL
stack at sp + 6 slots: 0x0000000000000001 is an unknown value
stack at sp + 7 slots: 0x000002ec11ce0001 points into unknown readable memory: 51 a6 11 ec 02 00 00


---------------  P R O C E S S  ---------------

Threads class SMR info:
_java_thread_list=0x000002ec118628f0, length=20, elements={
0x000002ec7fc95630, 0x000002ec0f280ea0, 0x000002ec0f285dd0, 0x000002ec0fc53290,
0x000002ec0fc53b50, 0x000002ec0fc54410, 0x000002ec0fc55ce0, 0x000002ec0fc61ab0,
0x000002ec0fc623b0, 0x000002ec0fd50410, 0x000002ec0fde0450, 0x000002ec0fe09b20,
0x000002ec0fe538d0, 0x000002ec10340ab0, 0x000002ec103fd0f0, 0x000002ec10419060,
0x000002ec1153ea70, 0x000002ec1153ef40, 0x000002ec115a1ac0, 0x000002ec1162f430
}

Java Threads: ( => current thread )
  0x000002ec7fc95630 JavaThread "main" [_thread_blocked, id=15768, stack(0x000000f56ac00000,0x000000f56ad00000)]
  0x000002ec0f280ea0 JavaThread "Reference Handler" daemon [_thread_blocked, id=7776, stack(0x000000f56b300000,0x000000f56b400000)]
  0x000002ec0f285dd0 JavaThread "Finalizer" daemon [_thread_blocked, id=20864, stack(0x000000f56b400000,0x000000f56b500000)]
  0x000002ec0fc53290 JavaThread "Signal Dispatcher" daemon [_thread_blocked, id=24532, stack(0x000000f56b500000,0x000000f56b600000)]
  0x000002ec0fc53b50 JavaThread "Attach Listener" daemon [_thread_blocked, id=13636, stack(0x000000f56b600000,0x000000f56b700000)]
  0x000002ec0fc54410 JavaThread "Service Thread" daemon [_thread_blocked, id=14212, stack(0x000000f56b700000,0x000000f56b800000)]
  0x000002ec0fc55ce0 JavaThread "Monitor Deflation Thread" daemon [_thread_blocked, id=17976, stack(0x000000f56b800000,0x000000f56b900000)]
  0x000002ec0fc61ab0 JavaThread "C1 CompilerThread0" daemon [_thread_blocked, id=16256, stack(0x000000f56b900000,0x000000f56ba00000)]
  0x000002ec0fc623b0 JavaThread "Sweeper thread" daemon [_thread_blocked, id=2908, stack(0x000000f56ba00000,0x000000f56bb00000)]
  0x000002ec0fd50410 JavaThread "Common-Cleaner" daemon [_thread_blocked, id=13060, stack(0x000000f56bb00000,0x000000f56bc00000)]
  0x000002ec0fde0450 JavaThread "C1 CompilerThread1" daemon [_thread_blocked, id=25160, stack(0x000000f56bc00000,0x000000f56bd00000)]
  0x000002ec0fe09b20 JavaThread "C1 CompilerThread2" daemon [_thread_blocked, id=12204, stack(0x000000f56bd00000,0x000000f56be00000)]
  0x000002ec0fe538d0 JavaThread "Notification Thread" daemon [_thread_blocked, id=21608, stack(0x000000f56be00000,0x000000f56bf00000)]
  0x000002ec10340ab0 JavaThread "RMI TCP Accept-0" daemon [_thread_in_native, id=21252, stack(0x000000f56bf00000,0x000000f56c000000)]
  0x000002ec103fd0f0 JavaThread "RMI TCP Accept-56878" daemon [_thread_in_native, id=1572, stack(0x000000f56c000000,0x000000f56c100000)]
  0x000002ec10419060 JavaThread "RMI TCP Accept-0" daemon [_thread_in_native, id=13140, stack(0x000000f56c100000,0x000000f56c200000)]
  0x000002ec1153ea70 JavaThread "RMI TCP Connection(1)-127.0.0.1" daemon [_thread_in_native, id=22584, stack(0x000000f56c800000,0x000000f56c900000)]
  0x000002ec1153ef40 JavaThread "RMI Scheduler(0)" daemon [_thread_blocked, id=23832, stack(0x000000f56c900000,0x000000f56ca00000)]
  0x000002ec115a1ac0 JavaThread "RMI TCP Connection(2)-127.0.0.1" daemon [_thread_in_native, id=3392, stack(0x000000f56ca00000,0x000000f56cb00000)]
  0x000002ec1162f430 JavaThread "JMX server connection timeout 22" daemon [_thread_blocked, id=10772, stack(0x000000f56cb00000,0x000000f56cc00000)]

Other Threads:
  0x000002ec0fc1f790 VMThread "VM Thread" [stack: 0x000000f56b200000,0x000000f56b300000] [id=1508]
  0x000002ec10340f80 WatcherThread [stack: 0x000000f56c200000,0x000000f56c300000] [id=15928]
  0x000002ec7fcf3270 GCTaskThread "GC Thread#0" [stack: 0x000000f56ad00000,0x000000f56ae00000] [id=19564]
  0x000002ec10484260 GCTaskThread "GC Thread#1" [stack: 0x000000f56c300000,0x000000f56c400000] [id=12504]
  0x000002ec10484510 GCTaskThread "GC Thread#2" [stack: 0x000000f56c400000,0x000000f56c500000] [id=20748]
=>0x000002ec1045dc80 GCTaskThread "GC Thread#3" [stack: 0x000000f56c500000,0x000000f56c600000] [id=22016]
  0x000002ec7fd04720 ConcurrentGCThread "G1 Main Marker" [stack: 0x000000f56ae00000,0x000000f56af00000] [id=15696]
  0x000002ec7fd05040 ConcurrentGCThread "G1 Conc#0" [stack: 0x000000f56af00000,0x000000f56b000000] [id=24416]
  0x000002ec7fd5d650 ConcurrentGCThread "G1 Refine#0" [stack: 0x000000f56b000000,0x000000f56b100000] [id=22160]
  0x000002ec104847c0 ConcurrentGCThread "G1 Refine#1" [stack: 0x000000f56c600000,0x000000f56c700000] [id=6288]
  0x000002ec0f0e4130 ConcurrentGCThread "G1 Service" [stack: 0x000000f56b100000,0x000000f56b200000] [id=22676]

Threads with active compile tasks:

VM state: at safepoint (normal execution)

VM Mutex/Monitor currently owned by a thread:  ([mutex/lock_event])
[0x000002ec7fc835d0] Threads_lock - owner thread: 0x000002ec0fc1f790
[0x000002ec7fc83150] Heap_lock - owner thread: 0x000002ec7fc95630

Heap address: 0x0000000080a00000, size: 2038 MB, Compressed Oops mode: 32-bit

CDS archive(s) not mapped
Compressed class space mapped at: 0x0000000100000000-0x0000000140000000, reserved size: 1073741824
Narrow klass base: 0x0000000000000000, Narrow klass shift: 3, Narrow klass range: 0x140000000

GC Precious Log:
 CPUs: 4 total, 4 available
 Memory: 8150M
 Large Page Support: Disabled
 NUMA Support: Disabled
 Compressed Oops: Enabled (32-bit)
 Heap Region Size: 1M
 Heap Min Capacity: 8M
 Heap Initial Capacity: 128M
 Heap Max Capacity: 2038M
 Pre-touch: Disabled
 Parallel Workers: 4
 Concurrent Workers: 1
 Concurrent Refinement Workers: 4
 Periodic GC: Disabled

Heap:
 garbage-first heap   total 64512K, used 31086K [0x0000000080a00000, 0x0000000100000000)
  region size 1024K, 20 young (20480K), 4 survivors (4096K)
 Metaspace       used 35692K, committed 36160K, reserved 1081344K
  class space    used 4482K, committed 4672K, reserved 1048576K

Heap Regions: E=young(eden), S=young(survivor), O=old, HS=humongous(starts), HC=humongous(continues), CS=collection set, F=free, OA=open archive, CA=closed archive, TAMS=top-at-mark-start (previous, next)
|   0|0x0000000080a00000, 0x0000000080b00000, 0x0000000080b00000|100%|HS|  |TAMS 0x0000000080b00000, 0x0000000080b00000| Complete 
|   1|0x0000000080b00000, 0x0000000080c00000, 0x0000000080c00000|100%| O|  |TAMS 0x0000000080c00000, 0x0000000080c00000| Untracked 
|   2|0x0000000080c00000, 0x0000000080d00000, 0x0000000080d00000|100%| O|  |TAMS 0x0000000080d00000, 0x0000000080d00000| Untracked 
|   3|0x0000000080d00000, 0x0000000080e00000, 0x0000000080e00000|100%| O|  |TAMS 0x0000000080e00000, 0x0000000080e00000| Untracked 
|   4|0x0000000080e00000, 0x0000000080f00000, 0x0000000080f00000|100%| O|  |TAMS 0x0000000080f00000, 0x0000000080f00000| Untracked 
|   5|0x0000000080f00000, 0x0000000081000000, 0x0000000081000000|100%| O|  |TAMS 0x0000000081000000, 0x0000000081000000| Untracked 
|   6|0x0000000081000000, 0x0000000081100000, 0x0000000081100000|100%| O|  |TAMS 0x0000000081000000, 0x0000000081100000| Untracked 
|   7|0x0000000081100000, 0x0000000081200000, 0x0000000081200000|100%| O|  |TAMS 0x0000000081100000, 0x0000000081200000| Untracked 
|   8|0x0000000081200000, 0x0000000081300000, 0x0000000081300000|100%| O|  |TAMS 0x0000000081200000, 0x0000000081300000| Untracked 
|   9|0x0000000081300000, 0x0000000081400000, 0x0000000081400000|100%| O|  |TAMS 0x0000000081300000, 0x0000000081400000| Untracked 
|  10|0x0000000081400000, 0x0000000081500000, 0x0000000081500000|100%| O|  |TAMS 0x0000000081400000, 0x0000000081500000| Untracked 
|  11|0x0000000081500000, 0x0000000081600000, 0x0000000081600000|100%| O|  |TAMS 0x0000000081500000, 0x0000000081576c00| Untracked 
|  12|0x0000000081600000, 0x0000000081690218, 0x0000000081700000| 56%| O|  |TAMS 0x0000000081600000, 0x0000000081600000| Untracked 
|  13|0x0000000081700000, 0x0000000081700000, 0x0000000081800000|  0%| F|  |TAMS 0x0000000081700000, 0x0000000081700000| Untracked 
|  14|0x0000000081800000, 0x0000000081800000, 0x0000000081900000|  0%| F|  |TAMS 0x0000000081800000, 0x0000000081800000| Untracked 
|  15|0x0000000081900000, 0x0000000081900000, 0x0000000081a00000|  0%| F|  |TAMS 0x0000000081900000, 0x0000000081900000| Untracked 
|  16|0x0000000081a00000, 0x0000000081a00000, 0x0000000081b00000|  0%| F|  |TAMS 0x0000000081a00000, 0x0000000081a00000| Untracked 
|  17|0x0000000081b00000, 0x0000000081b00000, 0x0000000081c00000|  0%| F|  |TAMS 0x0000000081b00000, 0x0000000081b00000| Untracked 
|  18|0x0000000081c00000, 0x0000000081c00000, 0x0000000081d00000|  0%| F|  |TAMS 0x0000000081c00000, 0x0000000081c00000| Untracked 
|  19|0x0000000081d00000, 0x0000000081d00000, 0x0000000081e00000|  0%| F|  |TAMS 0x0000000081d00000, 0x0000000081d00000| Untracked 
|  20|0x0000000081e00000, 0x0000000081e00000, 0x0000000081f00000|  0%| F|  |TAMS 0x0000000081e00000, 0x0000000081e00000| Untracked 
|  21|0x0000000081f00000, 0x0000000081fe4e80, 0x0000000082000000| 89%| E|CS|TAMS 0x0000000081f00000, 0x0000000081fe4e80| Complete 
|  22|0x0000000082000000, 0x0000000082100000, 0x0000000082100000|100%| E|CS|TAMS 0x0000000082000000, 0x0000000082100000| Complete 
|  23|0x0000000082100000, 0x0000000082100000, 0x0000000082200000|  0%| F|  |TAMS 0x0000000082100000, 0x0000000082100000| Untracked 
|  24|0x0000000082200000, 0x0000000082300000, 0x0000000082300000|100%| E|CS|TAMS 0x0000000082200000, 0x0000000082300000| Complete 
|  25|0x0000000082300000, 0x0000000082300000, 0x0000000082400000|  0%| F|  |TAMS 0x0000000082300000, 0x0000000082300000| Untracked 
|  26|0x0000000082400000, 0x0000000082400000, 0x0000000082500000|  0%| F|  |TAMS 0x0000000082400000, 0x0000000082400000| Untracked 
|  27|0x0000000082500000, 0x0000000082500000, 0x0000000082600000|  0%| F|  |TAMS 0x0000000082500000, 0x0000000082500000| Untracked 
|  28|0x0000000082600000, 0x0000000082600000, 0x0000000082700000|  0%| F|  |TAMS 0x0000000082600000, 0x0000000082600000| Untracked 
|  29|0x0000000082700000, 0x0000000082700000, 0x0000000082800000|  0%| F|  |TAMS 0x0000000082700000, 0x0000000082700000| Untracked 
|  30|0x0000000082800000, 0x0000000082800000, 0x0000000082900000|  0%| F|  |TAMS 0x0000000082800000, 0x0000000082800000| Untracked 
|  31|0x0000000082900000, 0x0000000082900000, 0x0000000082a00000|  0%| F|  |TAMS 0x0000000082900000, 0x0000000082900000| Untracked 
|  32|0x0000000082a00000, 0x0000000082a00000, 0x0000000082b00000|  0%| F|  |TAMS 0x0000000082a00000, 0x0000000082a00000| Untracked 
|  33|0x0000000082b00000, 0x0000000082b00000, 0x0000000082c00000|  0%| F|  |TAMS 0x0000000082b00000, 0x0000000082b00000| Untracked 
|  34|0x0000000082c00000, 0x0000000082c00000, 0x0000000082d00000|  0%| F|  |TAMS 0x0000000082c00000, 0x0000000082c00000| Untracked 
|  35|0x0000000082d00000, 0x0000000082d00000, 0x0000000082e00000|  0%| F|  |TAMS 0x0000000082d00000, 0x0000000082d00000| Untracked 
|  36|0x0000000082e00000, 0x0000000082e00000, 0x0000000082f00000|  0%| F|  |TAMS 0x0000000082e00000, 0x0000000082e00000| Untracked 
|  37|0x0000000082f00000, 0x0000000082f00000, 0x0000000083000000|  0%| F|  |TAMS 0x0000000082f00000, 0x0000000082f00000| Untracked 
|  38|0x0000000083000000, 0x0000000083000000, 0x0000000083100000|  0%| F|  |TAMS 0x0000000083000000, 0x0000000083000000| Untracked 
|  39|0x0000000083100000, 0x0000000083100000, 0x0000000083200000|  0%| F|  |TAMS 0x0000000083100000, 0x0000000083100000| Untracked 
|  40|0x0000000083200000, 0x0000000083200000, 0x0000000083300000|  0%| F|  |TAMS 0x0000000083200000, 0x0000000083200000| Untracked 
|  41|0x0000000083300000, 0x0000000083300000, 0x0000000083400000|  0%| F|  |TAMS 0x0000000083300000, 0x0000000083300000| Untracked 
|  42|0x0000000083400000, 0x0000000083400000, 0x0000000083500000|  0%| F|  |TAMS 0x0000000083400000, 0x0000000083400000| Untracked 
|  43|0x0000000083500000, 0x00000000835c7098, 0x0000000083600000| 77%| S|  |TAMS 0x0000000083500000, 0x0000000083500000| Complete 
|  44|0x0000000083600000, 0x0000000083700000, 0x0000000083700000|100%| S|  |TAMS 0x0000000083600000, 0x0000000083600000| Complete 
|  45|0x0000000083700000, 0x0000000083800000, 0x0000000083800000|100%| S|  |TAMS 0x0000000083700000, 0x0000000083700000| Complete 
|  46|0x0000000083800000, 0x0000000083900000, 0x0000000083900000|100%| S|  |TAMS 0x0000000083800000, 0x0000000083800000| Complete 
|  47|0x0000000083900000, 0x0000000083a00000, 0x0000000083a00000|100%| E|CS|TAMS 0x0000000083900000, 0x0000000083a00000| Complete 
|  48|0x0000000083a00000, 0x0000000083b00000, 0x0000000083b00000|100%| E|CS|TAMS 0x0000000083a00000, 0x0000000083b00000| Complete 
|  49|0x0000000083b00000, 0x0000000083c00000, 0x0000000083c00000|100%| E|CS|TAMS 0x0000000083b00000, 0x0000000083c00000| Complete 
|  50|0x0000000083c00000, 0x0000000083d00000, 0x0000000083d00000|100%| E|CS|TAMS 0x0000000083c00000, 0x0000000083d00000| Complete 
|  51|0x0000000083d00000, 0x0000000083e00000, 0x0000000083e00000|100%| E|CS|TAMS 0x0000000083d00000, 0x0000000083e00000| Complete 
|  52|0x0000000083e00000, 0x0000000083f00000, 0x0000000083f00000|100%| E|CS|TAMS 0x0000000083e00000, 0x0000000083f00000| Complete 
|  53|0x0000000083f00000, 0x0000000084000000, 0x0000000084000000|100%| E|CS|TAMS 0x0000000083f00000, 0x0000000084000000| Complete 
|  54|0x0000000084000000, 0x0000000084100000, 0x0000000084100000|100%| E|CS|TAMS 0x0000000084000000, 0x0000000084100000| Complete 
|  55|0x0000000084100000, 0x0000000084200000, 0x0000000084200000|100%| E|CS|TAMS 0x0000000084100000, 0x0000000084200000| Complete 
|  56|0x0000000084200000, 0x0000000084300000, 0x0000000084300000|100%| E|CS|TAMS 0x0000000084200000, 0x0000000084300000| Complete 
|  57|0x0000000084300000, 0x0000000084400000, 0x0000000084400000|100%| E|CS|TAMS 0x0000000084300000, 0x0000000084400000| Complete 
| 106|0x0000000087400000, 0x0000000087500000, 0x0000000087500000|100%| E|CS|TAMS 0x0000000087400000, 0x0000000087500000| Complete 
| 107|0x0000000087500000, 0x0000000087600000, 0x0000000087600000|100%| E|CS|TAMS 0x0000000087500000, 0x0000000087600000| Complete 
| 108|0x0000000087600000, 0x0000000087700000, 0x0000000087700000|100%| E|CS|TAMS 0x0000000087600000, 0x0000000087700000| Complete 
| 126|0x0000000088800000, 0x0000000088900000, 0x0000000088900000|100%| E|CS|TAMS 0x0000000088800000, 0x0000000088900000| Complete 
| 127|0x0000000088900000, 0x0000000088a00000, 0x0000000088a00000|100%| E|CS|TAMS 0x0000000088900000, 0x0000000088a00000| Complete 

Card table byte_map: [0x000002ec08440000,0x000002ec08840000] _byte_map_base: 0x000002ec0803b000

Marking Bits (Prev, Next): (CMBitMap*) 0x000002ec7fcf37d0, (CMBitMap*) 0x000002ec7fcf3790
 Prev Bits: [0x000002ec0ac20000, 0x000002ec0cbf8000)
 Next Bits: [0x000002ec08c40000, 0x000002ec0ac18000)

Polling page: 0x000002ec7fd60000

Metaspace:

Usage:
  Non-class:     30.48 MB used.
      Class:      4.38 MB used.
       Both:     34.86 MB used.

Virtual space:
  Non-class space:       32.00 MB reserved,      30.75 MB ( 96%) committed,  4 nodes.
      Class space:        1.00 GB reserved,       4.56 MB ( <1%) committed,  1 nodes.
             Both:        1.03 GB reserved,      35.31 MB (  3%) committed. 

Chunk freelists:
   Non-Class:  686.00 KB
       Class:  3.31 MB
        Both:  3.98 MB

MaxMetaspaceSize: unlimited
CompressedClassSpaceSize: 1.00 GB
Initial GC threshold: 21.00 MB
Current GC threshold: 35.31 MB
CDS: off
MetaspaceReclaimPolicy: balanced
 - commit_granule_bytes: 65536.
 - commit_granule_words: 8192.
 - virtual_space_node_default_size: 1048576.
 - enlarge_chunks_in_place: 1.
 - new_chunks_are_fully_committed: 0.
 - uncommit_free_chunks: 1.
 - use_allocation_guard: 0.
 - handle_deallocations: 1.


Internal statistics:

num_allocs_failed_limit: 6.
num_arena_births: 550.
num_arena_deaths: 0.
num_vsnodes_births: 5.
num_vsnodes_deaths: 0.
num_space_committed: 565.
num_space_uncommitted: 0.
num_chunks_returned_to_freelist: 6.
num_chunks_taken_from_freelist: 1524.
num_chunk_merges: 6.
num_chunk_splits: 1025.
num_chunks_enlarged: 707.
num_purges: 0.
num_inconsistent_stats: 0.

CodeCache: size=49152Kb used=7710Kb max_used=7710Kb free=41441Kb
 bounds [0x000002ec04b90000, 0x000002ec05320000, 0x000002ec07b90000]
 total_blobs=4027 nmethods=3507 adapters=445
 compilation: enabled
              stopped_count=0, restarted_count=0
 full_count=0

Compilation events (20 events):
Event: 2.422 Thread 0x000002ec0fe09b20 nmethod 3496 0x000002ec05313c90 code [0x000002ec05313e60, 0x000002ec05314078]
Event: 2.422 Thread 0x000002ec0fde0450 3498  s    1       jdk.internal.perf.PerfCounter::add (18 bytes)
Event: 2.422 Thread 0x000002ec0fc61ab0 nmethod 3497 0x000002ec05314290 code [0x000002ec05314440, 0x000002ec053146e8]
Event: 2.422 Thread 0x000002ec0fe09b20 3499  s    1       jdk.internal.perf.PerfCounter::get (9 bytes)
Event: 2.422 Thread 0x000002ec0fc61ab0 3500   !   1       java.nio.DirectLongBufferU::get (36 bytes)
Event: 2.422 Thread 0x000002ec0fde0450 nmethod 3498 0x000002ec05314810 code [0x000002ec053149c0, 0x000002ec05314c78]
Event: 2.422 Thread 0x000002ec0fde0450 3501   !   1       jdk.internal.misc.ScopedMemoryAccess::getLong (20 bytes)
Event: 2.422 Thread 0x000002ec0fe09b20 nmethod 3499 0x000002ec05314e10 code [0x000002ec05314fa0, 0x000002ec05315148]
Event: 2.422 Thread 0x000002ec0fe09b20 3502   !   1       jdk.internal.misc.ScopedMemoryAccess::getLongInternal (36 bytes)
Event: 2.422 Thread 0x000002ec0fe09b20 nmethod 3502 0x000002ec05315210 code [0x000002ec053153a0, 0x000002ec053154c8]
Event: 2.422 Thread 0x000002ec0fde0450 nmethod 3501 0x000002ec05315590 code [0x000002ec05315740, 0x000002ec05315938]
Event: 2.422 Thread 0x000002ec0fe09b20 3503   !   1       java.nio.DirectLongBufferU::put (39 bytes)
Event: 2.422 Thread 0x000002ec0fde0450 3504   !   1       jdk.internal.misc.ScopedMemoryAccess::putLong (25 bytes)
Event: 2.422 Thread 0x000002ec0fc61ab0 nmethod 3500 0x000002ec05315a90 code [0x000002ec05315c60, 0x000002ec05315f28]
Event: 2.422 Thread 0x000002ec0fc61ab0 3505   !   1       jdk.internal.misc.ScopedMemoryAccess::putLongInternal (37 bytes)
Event: 2.422 Thread 0x000002ec0fc61ab0 nmethod 3505 0x000002ec05316210 code [0x000002ec053163a0, 0x000002ec053164e8]
Event: 2.422 Thread 0x000002ec0fde0450 nmethod 3504 0x000002ec05316590 code [0x000002ec05316740, 0x000002ec05316958]
Event: 2.422 Thread 0x000002ec0fe09b20 nmethod 3503 0x000002ec05316a90 code [0x000002ec05316c60, 0x000002ec05316f28]
Event: 2.425 Thread 0x000002ec0fde0450 3506       1       sun.nio.fs.WindowsPath::checkRead (17 bytes)
Event: 2.425 Thread 0x000002ec0fde0450 nmethod 3506 0x000002ec05317210 code [0x000002ec053173a0, 0x000002ec053174a8]

GC Heap History (17 events):
Event: 0.677 GC heap before
{Heap before GC invocations=0 (full 0):
 garbage-first heap   total 131072K, used 13312K [0x0000000080a00000, 0x0000000100000000)
  region size 1024K, 13 young (13312K), 0 survivors (0K)
 Metaspace       used 13491K, committed 13696K, reserved 1064960K
  class space    used 1380K, committed 1472K, reserved 1048576K
}
Event: 0.681 GC heap after
{Heap after GC invocations=1 (full 0):
 garbage-first heap   total 131072K, used 6272K [0x0000000080a00000, 0x0000000100000000)
  region size 1024K, 2 young (2048K), 2 survivors (2048K)
 Metaspace       used 13491K, committed 13696K, reserved 1064960K
  class space    used 1380K, committed 1472K, reserved 1048576K
}
Event: 0.917 GC heap before
{Heap before GC invocations=1 (full 0):
 garbage-first heap   total 131072K, used 18560K [0x0000000080a00000, 0x0000000100000000)
  region size 1024K, 14 young (14336K), 2 survivors (2048K)
 Metaspace       used 17161K, committed 17408K, reserved 1064960K
  class space    used 1866K, committed 1984K, reserved 1048576K
}
Event: 0.921 GC heap after
{Heap after GC invocations=2 (full 0):
 garbage-first heap   total 131072K, used 7606K [0x0000000080a00000, 0x0000000100000000)
  region size 1024K, 2 young (2048K), 2 survivors (2048K)
 Metaspace       used 17161K, committed 17408K, reserved 1064960K
  class space    used 1866K, committed 1984K, reserved 1048576K
}
Event: 1.144 GC heap before
{Heap before GC invocations=2 (full 0):
 garbage-first heap   total 131072K, used 23990K [0x0000000080a00000, 0x0000000100000000)
  region size 1024K, 19 young (19456K), 2 survivors (2048K)
 Metaspace       used 21246K, committed 21504K, reserved 1073152K
  class space    used 2438K, committed 2560K, reserved 1048576K
}
Event: 1.147 GC heap after
{Heap after GC invocations=3 (full 0):
 garbage-first heap   total 131072K, used 8772K [0x0000000080a00000, 0x0000000100000000)
  region size 1024K, 3 young (3072K), 3 survivors (3072K)
 Metaspace       used 21246K, committed 21504K, reserved 1073152K
  class space    used 2438K, committed 2560K, reserved 1048576K
}
Event: 1.405 GC heap before
{Heap before GC invocations=4 (full 0):
 garbage-first heap   total 40960K, used 30276K [0x0000000080a00000, 0x0000000100000000)
  region size 1024K, 25 young (25600K), 3 survivors (3072K)
 Metaspace       used 26249K, committed 26560K, reserved 1073152K
  class space    used 3124K, committed 3264K, reserved 1048576K
}
Event: 1.409 GC heap after
{Heap after GC invocations=5 (full 0):
 garbage-first heap   total 40960K, used 10143K [0x0000000080a00000, 0x0000000100000000)
  region size 1024K, 4 young (4096K), 4 survivors (4096K)
 Metaspace       used 26249K, committed 26560K, reserved 1073152K
  class space    used 3124K, committed 3264K, reserved 1048576K
}
Event: 1.424 GC heap before
{Heap before GC invocations=5 (full 0):
 garbage-first heap   total 40960K, used 11167K [0x0000000080a00000, 0x0000000100000000)
  region size 1024K, 5 young (5120K), 4 survivors (4096K)
 Metaspace       used 26368K, committed 26688K, reserved 1073152K
  class space    used 3141K, committed 3264K, reserved 1048576K
}
Event: 1.427 GC heap after
{Heap after GC invocations=6 (full 0):
 garbage-first heap   total 40960K, used 10781K [0x0000000080a00000, 0x0000000100000000)
  region size 1024K, 1 young (1024K), 1 survivors (1024K)
 Metaspace       used 26368K, committed 26688K, reserved 1073152K
  class space    used 3141K, committed 3264K, reserved 1048576K
}
Event: 1.646 GC heap before
{Heap before GC invocations=6 (full 0):
 garbage-first heap   total 40960K, used 27165K [0x0000000080a00000, 0x0000000100000000)
  region size 1024K, 17 young (17408K), 1 survivors (1024K)
 Metaspace       used 27810K, committed 28096K, reserved 1081344K
  class space    used 3345K, committed 3456K, reserved 1048576K
}
Event: 1.648 GC heap after
{Heap after GC invocations=7 (full 0):
 garbage-first heap   total 40960K, used 11808K [0x0000000080a00000, 0x0000000100000000)
  region size 1024K, 2 young (2048K), 2 survivors (2048K)
 Metaspace       used 27810K, committed 28096K, reserved 1081344K
  class space    used 3345K, committed 3456K, reserved 1048576K
}
Event: 1.917 GC heap before
{Heap before GC invocations=7 (full 0):
 garbage-first heap   total 40960K, used 28192K [0x0000000080a00000, 0x0000000100000000)
  region size 1024K, 18 young (18432K), 2 survivors (2048K)
 Metaspace       used 30101K, committed 30336K, reserved 1081344K
  class space    used 3690K, committed 3776K, reserved 1048576K
}
Event: 1.920 GC heap after
{Heap after GC invocations=8 (full 0):
 garbage-first heap   total 40960K, used 12974K [0x0000000080a00000, 0x0000000100000000)
  region size 1024K, 3 young (3072K), 3 survivors (3072K)
 Metaspace       used 30101K, committed 30336K, reserved 1081344K
  class space    used 3690K, committed 3776K, reserved 1048576K
}
Event: 2.163 GC heap before
{Heap before GC invocations=8 (full 0):
 garbage-first heap   total 40960K, used 28334K [0x0000000080a00000, 0x0000000100000000)
  region size 1024K, 18 young (18432K), 3 survivors (3072K)
 Metaspace       used 32840K, committed 33216K, reserved 1081344K
  class space    used 4107K, committed 4288K, reserved 1048576K
}
Event: 2.168 GC heap after
{Heap after GC invocations=9 (full 0):
 garbage-first heap   total 64512K, used 14702K [0x0000000080a00000, 0x0000000100000000)
  region size 1024K, 3 young (3072K), 3 survivors (3072K)
 Metaspace       used 32840K, committed 33216K, reserved 1081344K
  class space    used 4107K, committed 4288K, reserved 1048576K
}
Event: 2.437 GC heap before
{Heap before GC invocations=9 (full 0):
 garbage-first heap   total 64512K, used 30062K [0x0000000080a00000, 0x0000000100000000)
  region size 1024K, 19 young (19456K), 3 survivors (3072K)
 Metaspace       used 35692K, committed 36160K, reserved 1081344K
  class space    used 4482K, committed 4672K, reserved 1048576K
}

Dll operation events (9 events):
Event: 0.008 Loaded shared library C:\sts-4.18.0.RELEASE\plugins\org.eclipse.justj.openjdk.hotspot.jre.full.win32.x86_64_17.0.6.v20230204-1729\jre\bin\java.dll
Event: 0.182 Loaded shared library C:\sts-4.18.0.RELEASE\plugins\org.eclipse.justj.openjdk.hotspot.jre.full.win32.x86_64_17.0.6.v20230204-1729\jre\bin\jimage.dll
Event: 0.197 Loaded shared library C:\sts-4.18.0.RELEASE\plugins\org.eclipse.justj.openjdk.hotspot.jre.full.win32.x86_64_17.0.6.v20230204-1729\jre\bin\net.dll
Event: 0.199 Loaded shared library C:\sts-4.18.0.RELEASE\plugins\org.eclipse.justj.openjdk.hotspot.jre.full.win32.x86_64_17.0.6.v20230204-1729\jre\bin\nio.dll
Event: 0.205 Loaded shared library C:\sts-4.18.0.RELEASE\plugins\org.eclipse.justj.openjdk.hotspot.jre.full.win32.x86_64_17.0.6.v20230204-1729\jre\bin\zip.dll
Event: 0.362 Loaded shared library C:\sts-4.18.0.RELEASE\plugins\org.eclipse.justj.openjdk.hotspot.jre.full.win32.x86_64_17.0.6.v20230204-1729\jre\bin\management.dll
Event: 0.374 Loaded shared library C:\sts-4.18.0.RELEASE\plugins\org.eclipse.justj.openjdk.hotspot.jre.full.win32.x86_64_17.0.6.v20230204-1729\jre\bin\management_ext.dll
Event: 1.152 Loaded shared library C:\sts-4.18.0.RELEASE\plugins\org.eclipse.justj.openjdk.hotspot.jre.full.win32.x86_64_17.0.6.v20230204-1729\jre\bin\verify.dll
Event: 2.389 Loaded shared library C:\sts-4.18.0.RELEASE\plugins\org.eclipse.justj.openjdk.hotspot.jre.full.win32.x86_64_17.0.6.v20230204-1729\jre\bin\sunmscapi.dll

Deoptimization events (2 events):
Event: 1.207 Thread 0x000002ec7fc95630 DEOPT PACKING pc=0x000002ec0509f319 sp=0x000000f56acfd780
Event: 1.207 Thread 0x000002ec7fc95630 DEOPT UNPACKING pc=0x000002ec04be7143 sp=0x000000f56acfcc60 mode 3

Classes unloaded (0 events):
No events

Classes redefined (0 events):
No events

Internal exceptions (20 events):
Event: 1.980 Thread 0x000002ec7fc95630 Exception <a 'java/lang/NoSuchMethodError'{0x00000000875f83e0}: 'java.lang.Object java.lang.invoke.DirectMethodHandle$Holder.invokeSpecial(java.lang.Object, java.lang.Object, int, java.lang.Object, java.lang.Object)'> (0x00000000875f83e0) 
thrown [s\src\hotspot\share\interpreter\linkResolver.cpp, line 759]
Event: 1.980 Thread 0x000002ec7fc95630 Exception <a 'java/lang/NoSuchMethodError'{0x00000000875fc088}: 'java.lang.Object java.lang.invoke.DelegatingMethodHandle$Holder.delegate(java.lang.Object, int, java.lang.Object, java.lang.Object)'> (0x00000000875fc088) 
thrown [s\src\hotspot\share\interpreter\linkResolver.cpp, line 759]
Event: 1.981 Thread 0x000002ec7fc95630 Exception <a 'java/lang/NoSuchMethodError'{0x000000008740cf70}: 'int java.lang.invoke.Invokers$Holder.linkToTargetMethod(java.lang.Object, java.lang.Object, java.lang.Object)'> (0x000000008740cf70) 
thrown [s\src\hotspot\share\interpreter\linkResolver.cpp, line 759]
Event: 2.005 Thread 0x000002ec7fc95630 Exception <a 'java/lang/NoClassDefFoundError'{0x0000000082c35340}: org/flywaydb/core/Flyway> (0x0000000082c35340) 
thrown [s\src\hotspot\share\classfile\systemDictionary.cpp, line 245]
Event: 2.005 Thread 0x000002ec7fc95630 Exception <a 'java/lang/NoClassDefFoundError'{0x0000000082c36f98}: liquibase/integration/spring/SpringLiquibase> (0x0000000082c36f98) 
thrown [s\src\hotspot\share\classfile\systemDictionary.cpp, line 245]
Event: 2.026 Thread 0x000002ec7fc95630 Exception <a 'java/lang/NoClassDefFoundError'{0x0000000082a0c648}: org/jooq/DSLContext> (0x0000000082a0c648) 
thrown [s\src\hotspot\share\classfile\systemDictionary.cpp, line 245]
Event: 2.026 Thread 0x000002ec7fc95630 Exception <a 'java/lang/NoClassDefFoundError'{0x0000000082a0f368}: org/springframework/batch/core/repository/JobRepository> (0x0000000082a0f368) 
thrown [s\src\hotspot\share\classfile\systemDictionary.cpp, line 245]
Event: 2.026 Thread 0x000002ec7fc95630 Exception <a 'java/lang/NoClassDefFoundError'{0x0000000082a10d58}: org/quartz/Scheduler> (0x0000000082a10d58) 
thrown [s\src\hotspot\share\classfile\systemDictionary.cpp, line 245]
Event: 2.026 Thread 0x000002ec7fc95630 Exception <a 'java/lang/NoClassDefFoundError'{0x0000000082a12bc0}: org/springframework/session/jdbc/JdbcIndexedSessionRepository> (0x0000000082a12bc0) 
thrown [s\src\hotspot\share\classfile\systemDictionary.cpp, line 245]
Event: 2.043 Thread 0x000002ec7fc95630 Exception <a 'java/lang/NoSuchMethodError'{0x0000000082913628}: 'void java.lang.invoke.DirectMethodHandle$Holder.invokeSpecial(java.lang.Object, java.lang.Object, java.lang.Object, java.lang.Object, java.lang.Object, java.lang.Object)'> (0x0000000082913628) 
thrown [s\src\hotspot\share\interpreter\linkResolver.cpp, line 759]
Event: 2.100 Thread 0x000002ec7fc95630 Exception <a 'java/lang/NoSuchMethodError'{0x00000000826be8a8}: 'java.lang.Object java.lang.invoke.DirectMethodHandle$Holder.invokeSpecialIFC(java.lang.Object, java.lang.Object, java.lang.Object)'> (0x00000000826be8a8) 
thrown [s\src\hotspot\share\interpreter\linkResolver.cpp, line 759]
Event: 2.179 Thread 0x000002ec115a1ac0 Exception <a 'java/lang/reflect/InvocationTargetException'{0x0000000088982360}> (0x0000000088982360) 
thrown [s\src\hotspot\share\runtime\reflection.cpp, line 1121]
Event: 2.188 Thread 0x000002ec7fc95630 Exception <a 'java/lang/NoSuchMethodError'{0x0000000088804830}: 'void java.lang.invoke.DirectMethodHandle$Holder.invokeInterface(java.lang.Object, java.lang.Object, int)'> (0x0000000088804830) 
thrown [s\src\hotspot\share\interpreter\linkResolver.cpp, line 759]
Event: 2.191 Thread 0x000002ec7fc95630 Exception <a 'java/lang/IncompatibleClassChangeError'{0x0000000088854330}: Found class java.lang.Object, but interface was expected> (0x0000000088854330) 
thrown [s\src\hotspot\share\interpreter\linkResolver.cpp, line 826]
Event: 2.192 Thread 0x000002ec7fc95630 Exception <a 'java/lang/NoSuchMethodError'{0x0000000088859418}: 'void java.lang.invoke.DirectMethodHandle$Holder.invokeStatic(java.lang.Object, int, java.lang.Object)'> (0x0000000088859418) 
thrown [s\src\hotspot\share\interpreter\linkResolver.cpp, line 759]
Event: 2.340 Thread 0x000002ec7fc95630 Exception <a 'java/lang/NoSuchMethodError'{0x0000000083ebc020}: 'java.lang.Object java.lang.invoke.DirectMethodHandle$Holder.invokeSpecial(java.lang.Object, java.lang.Object, long, java.lang.Object, java.lang.Object, java.lang.Object, java.lang.Object, java.lang.Object, java.lang.Object)'> (0x0000000083ebc020) 
thrown [s\src\hotspot\share\interpreter\linkResolver.cpp, line 759]
Event: 2.340 Thread 0x000002ec7fc95630 Exception <a 'java/lang/NoSuchMethodError'{0x0000000083ec0b48}: 'java.lang.Object java.lang.invoke.DelegatingMethodHandle$Holder.reinvoke_L(java.lang.Object, long, java.lang.Object, java.lang.Object, java.lang.Object, java.lang.Object, java.lang.Object, java.lang.Object)'> (0x0000000083ec0b48) 
thrown [s\src\hotspot\share\interpreter\linkResolver.cpp, line 759]
Event: 2.340 Thread 0x000002ec7fc95630 Exception <a 'java/lang/NoSuchMethodError'{0x0000000083ecd548}: 'java.lang.Object java.lang.invoke.Invokers$Holder.linkToTargetMethod(java.lang.Object, java.lang.Object, java.lang.Object, java.lang.Object, java.lang.Object, java.lang.Object, java.lang.Object)'> (0x0000000083ecd548) 
thrown [s\src\hotspot\share\interpreter\linkResolver.cpp, line 759]
Event: 2.412 Thread 0x000002ec7fc95630 Exception <a 'java/io/FileNotFoundException'{0x0000000083a6beb0}> (0x0000000083a6beb0) 
thrown [s\src\hotspot\share\prims\jni.cpp, line 516]
Event: 2.437 Thread 0x000002ec7fc95630 Exception <a 'java/lang/NoSuchMethodError'{0x00000000839b6de8}: 'int java.lang.invoke.DirectMethodHandle$Holder.invokeInterface(java.lang.Object, java.lang.Object, java.lang.Object, java.lang.Object)'> (0x00000000839b6de8) 
thrown [s\src\hotspot\share\interpreter\linkResolver.cpp, line 759]

VM Operations (20 events):
Event: 1.861 Executing VM operation: HandshakeAllThreads done
Event: 1.917 Executing VM operation: G1CollectForAllocation
Event: 1.920 Executing VM operation: G1CollectForAllocation done
Event: 1.969 Executing VM operation: HandshakeAllThreads
Event: 1.969 Executing VM operation: HandshakeAllThreads done
Event: 2.090 Executing VM operation: HandshakeAllThreads
Event: 2.090 Executing VM operation: HandshakeAllThreads done
Event: 2.162 Executing VM operation: G1CollectForAllocation
Event: 2.169 Executing VM operation: G1CollectForAllocation done
Event: 2.225 Executing VM operation: HandshakeAllThreads
Event: 2.225 Executing VM operation: HandshakeAllThreads done
Event: 2.314 Executing VM operation: HandshakeAllThreads
Event: 2.315 Executing VM operation: HandshakeAllThreads done
Event: 2.355 Executing VM operation: HandshakeAllThreads
Event: 2.355 Executing VM operation: HandshakeAllThreads done
Event: 2.394 Executing VM operation: HandshakeAllThreads
Event: 2.394 Executing VM operation: HandshakeAllThreads done
Event: 2.406 Executing VM operation: HandshakeAllThreads
Event: 2.406 Executing VM operation: HandshakeAllThreads done
Event: 2.437 Executing VM operation: CollectForMetadataAllocation

Events (20 events):
Event: 2.396 loading class java/security/spec/ECFieldF2m
Event: 2.396 loading class java/security/spec/ECFieldF2m done
Event: 2.399 loading class sun/security/ssl/SunJSSE
Event: 2.399 loading class sun/security/ssl/SunJSSE done
Event: 2.399 loading class com/sun/crypto/provider/SunJCE
Event: 2.400 loading class com/sun/crypto/provider/SunJCE done
Event: 2.403 loading class com/sun/security/sasl/Provider
Event: 2.403 loading class com/sun/security/sasl/Provider done
Event: 2.403 loading class com/sun/security/sasl/Provider$1
Event: 2.403 loading class com/sun/security/sasl/Provider$1 done
Event: 2.404 loading class com/sun/security/sasl/Provider$ProviderService
Event: 2.404 loading class com/sun/security/sasl/Provider$ProviderService done
Event: 2.404 loading class sun/security/provider/certpath/ldap/JdkLDAP
Event: 2.404 loading class sun/security/provider/certpath/ldap/JdkLDAP done
Event: 2.404 loading class sun/security/provider/certpath/ldap/JdkLDAP$ProviderService
Event: 2.404 loading class sun/security/provider/certpath/ldap/JdkLDAP$ProviderService done
Event: 2.405 loading class java/util/stream/ReduceOps$2
Event: 2.405 loading class java/util/stream/ReduceOps$2 done
Event: 2.406 loading class java/util/stream/ReduceOps$2ReducingSink
Event: 2.406 loading class java/util/stream/ReduceOps$2ReducingSink done


Dynamic libraries:
0x00007ff64ecc0000 - 0x00007ff64ecce000 	C:\sts-4.18.0.RELEASE\plugins\org.eclipse.justj.openjdk.hotspot.jre.full.win32.x86_64_17.0.6.v20230204-1729\jre\bin\javaw.exe
0x00007ffcd62d0000 - 0x00007ffcd64c8000 	C:\Windows\SYSTEM32\ntdll.dll
0x00007ffcd5180000 - 0x00007ffcd523f000 	C:\Windows\System32\KERNEL32.DLL
0x00007ffcd3af0000 - 0x00007ffcd3dca000 	C:\Windows\System32\KERNELBASE.dll
0x00007ffcd3eb0000 - 0x00007ffcd3fb0000 	C:\Windows\System32\ucrtbase.dll
0x00007ffcc2dc0000 - 0x00007ffcc2dd7000 	C:\sts-4.18.0.RELEASE\plugins\org.eclipse.justj.openjdk.hotspot.jre.full.win32.x86_64_17.0.6.v20230204-1729\jre\bin\jli.dll
0x00007ffcbe0d0000 - 0x00007ffcbe0e9000 	C:\sts-4.18.0.RELEASE\plugins\org.eclipse.justj.openjdk.hotspot.jre.full.win32.x86_64_17.0.6.v20230204-1729\jre\bin\VCRUNTIME140.dll
0x00007ffcd4820000 - 0x00007ffcd49bd000 	C:\Windows\System32\USER32.dll
0x00007ffcd2de0000 - 0x00007ffcd307a000 	C:\Windows\WinSxS\amd64_microsoft.windows.common-controls_6595b64144ccf1df_6.0.19041.1110_none_60b5254171f9507e\COMCTL32.dll
0x00007ffcd3dd0000 - 0x00007ffcd3df2000 	C:\Windows\System32\win32u.dll
0x00007ffcd43b0000 - 0x00007ffcd43db000 	C:\Windows\System32\GDI32.dll
0x00007ffcd4f50000 - 0x00007ffcd4fee000 	C:\Windows\System32\msvcrt.dll
0x00007ffcd4160000 - 0x00007ffcd4270000 	C:\Windows\System32\gdi32full.dll
0x00007ffcd39e0000 - 0x00007ffcd3a7d000 	C:\Windows\System32\msvcp_win.dll
0x00007ffcd4ff0000 - 0x00007ffcd5020000 	C:\Windows\System32\IMM32.DLL
0x00007ffcc8470000 - 0x00007ffcc847c000 	C:\sts-4.18.0.RELEASE\plugins\org.eclipse.justj.openjdk.hotspot.jre.full.win32.x86_64_17.0.6.v20230204-1729\jre\bin\vcruntime140_1.dll
0x00007ffca19e0000 - 0x00007ffca1a71000 	C:\sts-4.18.0.RELEASE\plugins\org.eclipse.justj.openjdk.hotspot.jre.full.win32.x86_64_17.0.6.v20230204-1729\jre\bin\msvcp140.dll
0x00007ffc88160000 - 0x00007ffc88da7000 	C:\sts-4.18.0.RELEASE\plugins\org.eclipse.justj.openjdk.hotspot.jre.full.win32.x86_64_17.0.6.v20230204-1729\jre\bin\server\jvm.dll
0x00007ffcd4760000 - 0x00007ffcd480e000 	C:\Windows\System32\ADVAPI32.dll
0x00007ffcd4de0000 - 0x00007ffcd4e7c000 	C:\Windows\System32\sechost.dll
0x00007ffcd49c0000 - 0x00007ffcd4ae6000 	C:\Windows\System32\RPCRT4.dll
0x00007ffcc2f10000 - 0x00007ffcc2f37000 	C:\Windows\SYSTEM32\WINMM.dll
0x00007ffcd0c00000 - 0x00007ffcd0c09000 	C:\Windows\SYSTEM32\WSOCK32.dll
0x00007ffcd4ee0000 - 0x00007ffcd4f4b000 	C:\Windows\System32\WS2_32.dll
0x00007ffccbe90000 - 0x00007ffccbe9a000 	C:\Windows\SYSTEM32\VERSION.dll
0x00007ffcd1430000 - 0x00007ffcd1442000 	C:\Windows\SYSTEM32\kernel.appcore.dll
0x00007ffcd0be0000 - 0x00007ffcd0bea000 	C:\sts-4.18.0.RELEASE\plugins\org.eclipse.justj.openjdk.hotspot.jre.full.win32.x86_64_17.0.6.v20230204-1729\jre\bin\jimage.dll
0x00007ffcd3270000 - 0x00007ffcd3454000 	C:\Windows\SYSTEM32\DBGHELP.DLL
0x00007ffcd31b0000 - 0x00007ffcd31e4000 	C:\Windows\SYSTEM32\dbgcore.DLL
0x00007ffcd4270000 - 0x00007ffcd42f2000 	C:\Windows\System32\bcryptPrimitives.dll
0x00007ffcc2ee0000 - 0x00007ffcc2f05000 	C:\sts-4.18.0.RELEASE\plugins\org.eclipse.justj.openjdk.hotspot.jre.full.win32.x86_64_17.0.6.v20230204-1729\jre\bin\java.dll
0x00007ffcc9710000 - 0x00007ffcc9728000 	C:\sts-4.18.0.RELEASE\plugins\org.eclipse.justj.openjdk.hotspot.jre.full.win32.x86_64_17.0.6.v20230204-1729\jre\bin\zip.dll
0x00007ffcd5890000 - 0x00007ffcd5fd4000 	C:\Windows\System32\SHELL32.dll
0x00007ffcd1450000 - 0x00007ffcd1be3000 	C:\Windows\SYSTEM32\windows.storage.dll
0x00007ffcd43e0000 - 0x00007ffcd4734000 	C:\Windows\System32\combase.dll
0x00007ffcd2d40000 - 0x00007ffcd2d6e000 	C:\Windows\SYSTEM32\Wldp.dll
0x00007ffcd60d0000 - 0x00007ffcd617d000 	C:\Windows\System32\SHCORE.dll
0x00007ffcd4e80000 - 0x00007ffcd4ed5000 	C:\Windows\System32\shlwapi.dll
0x00007ffcd3920000 - 0x00007ffcd393f000 	C:\Windows\SYSTEM32\profapi.dll
0x00007ffcc2ec0000 - 0x00007ffcc2ed9000 	C:\sts-4.18.0.RELEASE\plugins\org.eclipse.justj.openjdk.hotspot.jre.full.win32.x86_64_17.0.6.v20230204-1729\jre\bin\net.dll
0x00007ffccc230000 - 0x00007ffccc33a000 	C:\Windows\SYSTEM32\WINHTTP.dll
0x00007ffcd2a90000 - 0x00007ffcd2afa000 	C:\Windows\system32\mswsock.dll
0x00007ffcc2ea0000 - 0x00007ffcc2eb5000 	C:\sts-4.18.0.RELEASE\plugins\org.eclipse.justj.openjdk.hotspot.jre.full.win32.x86_64_17.0.6.v20230204-1729\jre\bin\nio.dll
0x00007ffcc8450000 - 0x00007ffcc8459000 	C:\sts-4.18.0.RELEASE\plugins\org.eclipse.justj.openjdk.hotspot.jre.full.win32.x86_64_17.0.6.v20230204-1729\jre\bin\management.dll
0x00007ffcc2e90000 - 0x00007ffcc2e9b000 	C:\sts-4.18.0.RELEASE\plugins\org.eclipse.justj.openjdk.hotspot.jre.full.win32.x86_64_17.0.6.v20230204-1729\jre\bin\management_ext.dll
0x00007ffcd5fe0000 - 0x00007ffcd5fe8000 	C:\Windows\System32\PSAPI.DLL
0x00007ffcad420000 - 0x00007ffcad437000 	C:\Windows\system32\napinsp.dll
0x00007ffcaca20000 - 0x00007ffcaca3b000 	C:\Windows\system32\pnrpnsp.dll
0x00007ffcaa010000 - 0x00007ffcaa025000 	C:\Windows\system32\wshbth.dll
0x00007ffcce5b0000 - 0x00007ffcce5cd000 	C:\Windows\system32\NLAapi.dll
0x00007ffcd2790000 - 0x00007ffcd27cc000 	C:\Windows\SYSTEM32\IPHLPAPI.DLL
0x00007ffcd27d0000 - 0x00007ffcd289b000 	C:\Windows\SYSTEM32\DNSAPI.dll
0x00007ffcd4810000 - 0x00007ffcd4818000 	C:\Windows\System32\NSI.dll
0x00007ffcac950000 - 0x00007ffcac962000 	C:\Windows\System32\winrnr.dll
0x00007ffcbfc10000 - 0x00007ffcbfc1a000 	C:\Windows\System32\rasadhlp.dll
0x00007ffcbfb70000 - 0x00007ffcbfbf0000 	C:\Windows\System32\fwpuclnt.dll
0x00007ffcd4300000 - 0x00007ffcd4327000 	C:\Windows\System32\bcrypt.dll
0x00007ffcd3770000 - 0x00007ffcd3788000 	C:\Windows\SYSTEM32\CRYPTSP.dll
0x00007ffcd2420000 - 0x00007ffcd2454000 	C:\Windows\system32\rsaenh.dll
0x00007ffcd38e0000 - 0x00007ffcd390e000 	C:\Windows\SYSTEM32\USERENV.dll
0x00007ffcd2d30000 - 0x00007ffcd2d3c000 	C:\Windows\SYSTEM32\CRYPTBASE.dll
0x00007ffccb950000 - 0x00007ffccb967000 	C:\Windows\SYSTEM32\dhcpcsvc6.DLL
0x00007ffccbf50000 - 0x00007ffccbf6d000 	C:\Windows\SYSTEM32\dhcpcsvc.DLL
0x00007ffcd0a00000 - 0x00007ffcd0a10000 	C:\sts-4.18.0.RELEASE\plugins\org.eclipse.justj.openjdk.hotspot.jre.full.win32.x86_64_17.0.6.v20230204-1729\jre\bin\verify.dll
0x00007ffcc9760000 - 0x00007ffcc976e000 	C:\sts-4.18.0.RELEASE\plugins\org.eclipse.justj.openjdk.hotspot.jre.full.win32.x86_64_17.0.6.v20230204-1729\jre\bin\sunmscapi.dll
0x00007ffcd3fb0000 - 0x00007ffcd4106000 	C:\Windows\System32\CRYPT32.dll
0x00007ffcd2db0000 - 0x00007ffcd2dd8000 	C:\Windows\SYSTEM32\ncrypt.dll
0x00007ffcd2d70000 - 0x00007ffcd2dab000 	C:\Windows\SYSTEM32\NTASN1.dll

dbghelp: loaded successfully - version: 4.0.5 - missing functions: none
symbol engine: initialized successfully - sym options: 0x614 - pdb path: .;C:\sts-4.18.0.RELEASE\plugins\org.eclipse.justj.openjdk.hotspot.jre.full.win32.x86_64_17.0.6.v20230204-1729\jre\bin;C:\Windows\SYSTEM32;C:\Windows\WinSxS\amd64_microsoft.windows.common-controls_6595b64144ccf1df_6.0.19041.1110_none_60b5254171f9507e;C:\sts-4.18.0.RELEASE\plugins\org.eclipse.justj.openjdk.hotspot.jre.full.win32.x86_64_17.0.6.v20230204-1729\jre\bin\server

VM Arguments:
jvm_args: -Dcom.sun.management.jmxremote -Dcom.sun.management.jmxremote.port=56878 -Dcom.sun.management.jmxremote.authenticate=false -Dcom.sun.management.jmxremote.ssl=false -Djava.rmi.server.hostname=localhost -Dspring.jmx.enabled=true -Dmanagement.endpoints.jmx.exposure.include=* -Dspring.application.admin.enabled=true -XX:TieredStopAtLevel=1 -Dspring.boot.project.name=course -Dfile.encoding=UTF-8 -XX:+ShowCodeDetailsInExceptionMessages 
java_command: com.educandoweb.course.CourseApplication --spring.output.ansi.enabled=always
java_class_path (initial): C:\projetoSB\course\target\classes;C:\Users\lucio\.m2\repository\org\springframework\boot\spring-boot-starter-web\3.0.6\spring-boot-starter-web-3.0.6.jar;C:\Users\lucio\.m2\repository\org\springframework\boot\spring-boot-starter\3.0.6\spring-boot-starter-3.0.6.jar;C:\Users\lucio\.m2\repository\org\springframework\boot\spring-boot\3.0.6\spring-boot-3.0.6.jar;C:\Users\lucio\.m2\repository\org\springframework\boot\spring-boot-autoconfigure\3.0.6\spring-boot-autoconfigure-3.0.6.jar;C:\Users\lucio\.m2\repository\org\springframework\boot\spring-boot-starter-logging\3.0.6\spring-boot-starter-logging-3.0.6.jar;C:\Users\lucio\.m2\repository\ch\qos\logback\logback-classic\1.4.7\logback-classic-1.4.7.jar;C:\Users\lucio\.m2\repository\ch\qos\logback\logback-core\1.4.7\logback-core-1.4.7.jar;C:\Users\lucio\.m2\repository\org\apache\logging\log4j\log4j-to-slf4j\2.19.0\log4j-to-slf4j-2.19.0.jar;C:\Users\lucio\.m2\repository\org\apache\logging\log4j\log4j-api\2.19.0\log4j-api-2.19.0.jar;C:\Users\lucio\.m2\repository\org\slf4j\jul-to-slf4j\2.0.7\jul-to-slf4j-2.0.7.jar;C:\Users\lucio\.m2\repository\jakarta\annotation\jakarta.annotation-api\2.1.1\jakarta.annotation-api-2.1.1.jar;C:\Users\lucio\.m2\repository\org\yaml\snakeyaml\1.33\snakeyaml-1.33.jar;C:\Users\lucio\.m2\repository\org\springframework\boot\spring-boot-starter-json\3.0.6\spring-boot-starter-json-3.0.6.jar;C:\Users\lucio\.m2\repository\com\fasterxml\jackson\core\jackson-databind\2.14.2\jackson-databind-2.14.2.jar;C:\Users\lucio\.m2\repository\com\fasterxml\jackson\core\jackson-annotations\2.14.2\jackson-annotations-2.14.2.jar;C:\Users\lucio\.m2\repository\com\fasterxml\jackson\core\jackson-core\2.14.2\jackson-core-2.14.2.jar;C:\Users\lucio\.m2\repository\com\fasterxml\jackson\datatype\jackson-datatype-jdk8\2.14.2\jackson-datatype-jdk8-2.14.2.jar;C:\Users\lucio\.m2\repository\com\fasterxml\jackson\datatype\jackson-datatype-jsr310\2.14.2\jackson-datatype-jsr310-2.14.2.jar;C:\Users\lucio\.m2\repo
Launcher Type: SUN_STANDARD

[Global flags]
     intx CICompilerCount                          = 3                                         {product} {ergonomic}
     uint ConcGCThreads                            = 1                                         {product} {ergonomic}
     uint G1ConcRefinementThreads                  = 4                                         {product} {ergonomic}
   size_t G1HeapRegionSize                         = 1048576                                   {product} {ergonomic}
    uintx GCDrainStackTargetSize                   = 64                                        {product} {ergonomic}
   size_t InitialHeapSize                          = 134217728                                 {product} {ergonomic}
     bool ManagementServer                         = true                                      {product} {command line}
   size_t MarkStackSize                            = 4194304                                   {product} {ergonomic}
   size_t MaxHeapSize                              = 2136997888                                {product} {ergonomic}
   size_t MaxNewSize                               = 1281359872                                {product} {ergonomic}
   size_t MinHeapDeltaBytes                        = 1048576                                   {product} {ergonomic}
   size_t MinHeapSize                              = 8388608                                   {product} {ergonomic}
    uintx NonProfiledCodeHeapSize                  = 0                                      {pd product} {ergonomic}
     bool ProfileInterpreter                       = false                                  {pd product} {command line}
    uintx ProfiledCodeHeapSize                     = 0                                      {pd product} {ergonomic}
     bool ShowCodeDetailsInExceptionMessages       = true                                   {manageable} {command line}
   size_t SoftMaxHeapSize                          = 2136997888                             {manageable} {ergonomic}
     intx TieredStopAtLevel                        = 1                                         {product} {command line}
     bool UseCompressedClassPointers               = true                           {product lp64_product} {ergonomic}
     bool UseCompressedOops                        = true                           {product lp64_product} {ergonomic}
     bool UseG1GC                                  = true                                      {product} {ergonomic}
     bool UseLargePagesIndividualAllocation        = false                                  {pd product} {ergonomic}

Logging:
Log output configuration:
 #0: stdout all=warning uptime,level,tags
 #1: stderr all=off uptime,level,tags

Environment Variables:
JAVA_HOME=C:\Program Files\Java
PATH=C:/sts-4.18.0.RELEASE//plugins/org.eclipse.justj.openjdk.hotspot.jre.full.win32.x86_64_17.0.6.v20230204-1729/jre/bin/server;C:/sts-4.18.0.RELEASE//plugins/org.eclipse.justj.openjdk.hotspot.jre.full.win32.x86_64_17.0.6.v20230204-1729/jre/bin;C:\Program Files\Java\bin;C:\Windows\system32;C:\Windows;C:\Windows\System32\Wbem;C:\Windows\System32\WindowsPowerShell\v1.0\;C:\Windows\System32\OpenSSH\;C:\Program Files\NVIDIA Corporation\NVIDIA NvDLISR;C:\Program Files (x86)\NVIDIA Corporation\PhysX\Common;C:\Program Files\Git\cmd;C:\Program Files\Microsoft SQL Server\150\Tools\Binn\;C:\Program Files\Microsoft SQL Server\Client SDK\ODBC\170\Tools\Binn\;C:\Program Files\dotnet\;C:\Program Files\Microsoft SQL Server\130\Tools\Binn\;C:\Program Files\Portugal Identity Card\;C:\Program Files\MySQL\MySQL Shell 8.0\bin\;C:\Users\lucio\AppData\Local\Programs\Python\Python311\Scripts\;C:\Users\lucio\AppData\Local\Programs\Python\Python311\;C:\Users\lucio\AppData\Local\Microsoft\WindowsApps;;C:\Users\lucio\AppData\Local\Programs\Microsoft VS Code\bin;C:\Users\lucio\.dotnet\tools;C:\sts-4.18.0.RELEASE;
USERNAME=lucio
OS=Windows_NT
PROCESSOR_IDENTIFIER=Intel64 Family 6 Model 94 Stepping 3, GenuineIntel
TMP=C:\Users\lucio\AppData\Local\Temp
TEMP=C:\Users\lucio\AppData\Local\Temp



---------------  S Y S T E M  ---------------

OS:
 Windows 10 , 64 bit Build 19041 (10.0.19041.2788)
OS uptime: 0 days 22:49 hours

CPU: total 4 (initial active 4) (4 cores per cpu, 1 threads per core) family 6 model 94 stepping 3 microcode 0xcc, cx8, cmov, fxsr, mmx, 3dnowpref, sse, sse2, sse3, ssse3, sse4.1, sse4.2, popcnt, lzcnt, tsc, tscinvbit, avx, avx2, aes, erms, clmul, bmi1, bmi2, rtm, adx, fma, vzeroupper, clflush, clflushopt

Memory: 4k page, system-wide physical 8150M (2226M free)
TotalPageFile size 15574M (AvailPageFile size 6576M)
current process WorkingSet (physical memory assigned to process): 143M, peak: 143M
current process commit charge ("private bytes"): 178M, peak: 222M

vm_info: OpenJDK 64-Bit Server VM (17.0.6+10) for windows-amd64 JRE (17.0.6+10), built on Jan 18 2023 10:08:59 by "temurin" with MS VC++ 16.7 (VS2019)

END.
